<?xml version="1.0" encoding="UTF-8"?>
<robot rpa="false" generated="20190904 11:51:22.875" generator="Robot 3.1.2 (Python 3.5.3 on win32)">
<suite source="D:\abobo_project\abobo_project\test_project" id="s1" name="Test Project">
<suite source="D:\abobo_project\abobo_project\test_project\innisfree.robot" id="s1-s1" name="Innisfree">
<test id="s1-s1-t1" name="0001_order">
<kw library="innisfree业务关键字" name="登陆innisfree">
<arguments>
<arg>${测试环境}</arg>
<arg>18850369373</arg>
<arg>qwe123</arg>
</arguments>
<kw library="基础关键字" name="打开浏览器">
<arguments>
<arg>${url}</arg>
</arguments>
<kw library="SeleniumLibrary" name="Open Browser">
<doc>Opens a new browser instance to the given ``url``.</doc>
<arguments>
<arg>${url}</arg>
<arg>chrome</arg>
</arguments>
<msg level="INFO" timestamp="20190904 11:51:23.175">Opening browser 'chrome' to base url 'https://stg.innisfree.cn/Main.do?ref=2'.</msg>
<status status="PASS" starttime="20190904 11:51:23.175" endtime="20190904 11:51:29.351"></status>
</kw>
<status status="PASS" starttime="20190904 11:51:23.175" endtime="20190904 11:51:29.352"></status>
</kw>
<kw library="SeleniumLibrary" name="Maximize Browser Window">
<doc>Maximizes current browser window.</doc>
<status status="PASS" starttime="20190904 11:51:29.352" endtime="20190904 11:51:35.367"></status>
</kw>
<kw library="SeleniumLibrary" name="Set Selenium Implicit Wait">
<doc>Sets the implicit wait value used by Selenium.</doc>
<arguments>
<arg>2</arg>
</arguments>
<status status="PASS" starttime="20190904 11:51:35.367" endtime="20190904 11:51:35.371"></status>
</kw>
<kw library="BuiltIn" name="Comment">
<doc>Displays the given messages in the log file as keyword arguments.</doc>
<arguments>
<arg>Set Selenium Speed</arg>
<arg>1</arg>
</arguments>
<status status="PASS" starttime="20190904 11:51:35.371" endtime="20190904 11:51:35.371"></status>
</kw>
<kw library="SeleniumLibrary" name="Get Element Count">
<doc>Returns number of elements matching ``locator``.</doc>
<arguments>
<arg>xpath=//*[@id="wrap"]/div[1]/div[3]/img</arg>
</arguments>
<assign>
<var>${count}</var>
</assign>
<kw library="SeleniumLibrary" name="Capture Page Screenshot">
<doc>Takes screenshot of the current page and embeds it into log file.</doc>
<msg level="FAIL" timestamp="20190904 11:51:35.375">NoSuchWindowException: Message: no such window: target window already closed
from unknown error: web view not found
  (Session info: chrome=76.0.3809.132)
  (Driver info: chromedriver=2.38.552522 (437e6fbedfa8762dec75e2c5b3ddb86763dc9dcb),platform=Windows NT 10.0.17763 x86_64)
</msg>
<status status="FAIL" starttime="20190904 11:51:35.372" endtime="20190904 11:51:35.375"></status>
</kw>
<msg level="WARN" timestamp="20190904 11:51:35.375">Keyword 'Capture Page Screenshot' could not be run on failure: NoSuchWindowException: Message: no such window: target window already closed
from unknown error: web view not found
  (Session info: chrome=76.0.3809.132)
  (Driver info: chromedriver=2.38.552522 (437e6fbedfa8762dec75e2c5b3ddb86763dc9dcb),platform=Windows NT 10.0.17763 x86_64)
</msg>
<msg level="FAIL" timestamp="20190904 11:51:35.376">NoSuchWindowException: Message: no such window: target window already closed
from unknown error: web view not found
  (Session info: chrome=76.0.3809.132)
  (Driver info: chromedriver=2.38.552522 (437e6fbedfa8762dec75e2c5b3ddb86763dc9dcb),platform=Windows NT 10.0.17763 x86_64)
</msg>
<status status="FAIL" starttime="20190904 11:51:35.371" endtime="20190904 11:51:35.376"></status>
</kw>
<status status="FAIL" starttime="20190904 11:51:23.174" endtime="20190904 11:51:35.376"></status>
</kw>
<status status="FAIL" starttime="20190904 11:51:23.174" endtime="20190904 11:51:35.376" critical="yes">NoSuchWindowException: Message: no such window: target window already closed
from unknown error: web view not found
  (Session info: chrome=76.0.3809.132)
  (Driver info: chromedriver=2.38.552522 (437e6fbedfa8762dec75e2c5b3ddb86763dc9dcb),platform=Windows NT 10.0.17763 x86_64)
</status>
</test>
<test id="s1-s1-t2" name="0002_移动端下单(monishouji)">
<kw library="innisfree业务关键字" name="移动端登陆innisfree">
<arguments>
<arg>${测试环境}</arg>
<arg>18850369373</arg>
<arg>qwe123</arg>
</arguments>
<kw library="BuiltIn" name="Create Dictionary">
<doc>Creates and returns a dictionary based on the given ``items``.</doc>
<arguments>
<arg>deviceName=iPhone 6</arg>
</arguments>
<assign>
<var>${devname}</var>
</assign>
<msg level="INFO" timestamp="20190904 11:51:35.378">${devname} = {'deviceName': 'iPhone 6'}</msg>
<status status="PASS" starttime="20190904 11:51:35.378" endtime="20190904 11:51:35.378"></status>
</kw>
<kw library="BuiltIn" name="Create Dictionary">
<doc>Creates and returns a dictionary based on the given ``items``.</doc>
<arguments>
<arg>mobileEmulation=${devname}</arg>
</arguments>
<assign>
<var>${mobile_emulation}</var>
</assign>
<msg level="INFO" timestamp="20190904 11:51:35.379">${mobile_emulation} = {'mobileEmulation': {'deviceName': 'iPhone 6'}}</msg>
<status status="PASS" starttime="20190904 11:51:35.379" endtime="20190904 11:51:35.379"></status>
</kw>
<kw library="BuiltIn" name="Evaluate">
<doc>Evaluates the given expression in Python and returns the results.</doc>
<arguments>
<arg>sys.modules['selenium.webdriver.chrome.options'].Options()</arg>
<arg>sys, selenium.webdriver.chrome.options</arg>
</arguments>
<assign>
<var>${chromeoptions}</var>
</assign>
<msg level="INFO" timestamp="20190904 11:51:35.379">${chromeoptions} = &lt;selenium.webdriver.chrome.options.Options object at 0x000002145B6AE4E0&gt;</msg>
<status status="PASS" starttime="20190904 11:51:35.379" endtime="20190904 11:51:35.379"></status>
</kw>
<kw library="BuiltIn" name="Set Variable">
<doc>Returns the given values which can then be assigned to a variables.</doc>
<arguments>
<arg>${mobile_emulation}</arg>
</arguments>
<assign>
<var>${chromeoptions._experimental_options}</var>
</assign>
<msg level="INFO" timestamp="20190904 11:51:35.379">${chromeoptions._experimental_options} = {'mobileEmulation': {'deviceName': 'iPhone 6'}}</msg>
<status status="PASS" starttime="20190904 11:51:35.379" endtime="20190904 11:51:35.379"></status>
</kw>
<kw library="BuiltIn" name="Comment">
<doc>Displays the given messages in the log file as keyword arguments.</doc>
<arguments>
<arg>log</arg>
<arg>${chromeoptions}</arg>
</arguments>
<status status="PASS" starttime="20190904 11:51:35.379" endtime="20190904 11:51:35.380"></status>
</kw>
<kw library="SeleniumLibrary" name="Create Webdriver">
<doc>Creates an instance of Selenium WebDriver.</doc>
<arguments>
<arg>Chrome</arg>
<arg>chrome_options=${chromeoptions}</arg>
</arguments>
<msg level="INFO" timestamp="20190904 11:51:35.380">Creating an instance of the Chrome WebDriver.</msg>
<status status="PASS" starttime="20190904 11:51:35.380" endtime="20190904 11:51:39.848"></status>
</kw>
<kw library="SeleniumLibrary" name="Go To">
<doc>Navigates the active browser instance to the provided ``url``.</doc>
<arguments>
<arg>${url}</arg>
</arguments>
<msg level="INFO" timestamp="20190904 11:51:39.849">Opening url 'https://stg.innisfree.cn/Main.do?ref=2'</msg>
<status status="PASS" starttime="20190904 11:51:39.848" endtime="20190904 11:51:41.879"></status>
</kw>
<kw library="SeleniumLibrary" name="Set Selenium Implicit Wait">
<doc>Sets the implicit wait value used by Selenium.</doc>
<arguments>
<arg>5</arg>
</arguments>
<status status="PASS" starttime="20190904 11:51:41.880" endtime="20190904 11:51:41.887"></status>
</kw>
<kw library="SeleniumLibrary" name="Click Element">
<doc>Click element identified by ``locator``.</doc>
<arguments>
<arg>xpath=/html/body/header/div/div[5]/img</arg>
</arguments>
<msg level="INFO" timestamp="20190904 11:51:41.889">Clicking element 'xpath=/html/body/header/div/div[5]/img'.</msg>
<kw library="SeleniumLibrary" name="Capture Page Screenshot">
<doc>Takes screenshot of the current page and embeds it into log file.</doc>
<msg level="FAIL" timestamp="20190904 11:51:41.897">NoSuchWindowException: Message: no such window: target window already closed
from unknown error: web view not found
  (Session info: chrome=76.0.3809.132)
  (Driver info: chromedriver=2.38.552522 (437e6fbedfa8762dec75e2c5b3ddb86763dc9dcb),platform=Windows NT 10.0.17763 x86_64)
</msg>
<status status="FAIL" starttime="20190904 11:51:41.892" endtime="20190904 11:51:41.897"></status>
</kw>
<msg level="WARN" timestamp="20190904 11:51:41.897">Keyword 'Capture Page Screenshot' could not be run on failure: NoSuchWindowException: Message: no such window: target window already closed
from unknown error: web view not found
  (Session info: chrome=76.0.3809.132)
  (Driver info: chromedriver=2.38.552522 (437e6fbedfa8762dec75e2c5b3ddb86763dc9dcb),platform=Windows NT 10.0.17763 x86_64)
</msg>
<msg level="FAIL" timestamp="20190904 11:51:41.898">NoSuchWindowException: Message: no such window: target window already closed
from unknown error: web view not found
  (Session info: chrome=76.0.3809.132)
  (Driver info: chromedriver=2.38.552522 (437e6fbedfa8762dec75e2c5b3ddb86763dc9dcb),platform=Windows NT 10.0.17763 x86_64)
</msg>
<status status="FAIL" starttime="20190904 11:51:41.888" endtime="20190904 11:51:41.898"></status>
</kw>
<status status="FAIL" starttime="20190904 11:51:35.378" endtime="20190904 11:51:41.899"></status>
</kw>
<status status="FAIL" starttime="20190904 11:51:35.377" endtime="20190904 11:51:41.899" critical="yes">NoSuchWindowException: Message: no such window: target window already closed
from unknown error: web view not found
  (Session info: chrome=76.0.3809.132)
  (Driver info: chromedriver=2.38.552522 (437e6fbedfa8762dec75e2c5b3ddb86763dc9dcb),platform=Windows NT 10.0.17763 x86_64)
</status>
</test>
<status status="FAIL" starttime="20190904 11:51:22.914" endtime="20190904 11:51:41.901"></status>
</suite>
<status status="FAIL" starttime="20190904 11:51:22.893" endtime="20190904 11:51:41.905"></status>
</suite>
<statistics>
<total>
<stat fail="2" pass="0">Critical Tests</stat>
<stat fail="2" pass="0">All Tests</stat>
</total>
<tag>
</tag>
<suite>
<stat fail="2" pass="0" id="s1" name="Test Project">Test Project</stat>
<stat fail="2" pass="0" id="s1-s1" name="Innisfree">Test Project.Innisfree</stat>
</suite>
</statistics>
<errors>
<msg level="ERROR" timestamp="20190904 11:51:22.891">Taking listener 'D:\abobo_project\robot_project\venv\lib\site-packages\robotide\contrib\testrunner\TestRunnerAgent.py' into use failed: Importing listener 'D:\abobo_project\robot_project\venv\lib\site-packages\robotide\contrib\testrunner\TestRunnerAgent.py' failed: Creating instance failed: IndexError: tuple index out of range
Traceback (most recent call last):
  File "D:\abobo_project\robot_project\venv\lib\site-packages\robotide\contrib\testrunner\TestRunnerAgent.py", line 153, in __init__
    self.port = int(args[0])</msg>
<msg level="WARN" timestamp="20190904 11:51:35.375">Keyword 'Capture Page Screenshot' could not be run on failure: NoSuchWindowException: Message: no such window: target window already closed
from unknown error: web view not found
  (Session info: chrome=76.0.3809.132)
  (Driver info: chromedriver=2.38.552522 (437e6fbedfa8762dec75e2c5b3ddb86763dc9dcb),platform=Windows NT 10.0.17763 x86_64)
</msg>
<msg level="WARN" timestamp="20190904 11:51:41.897">Keyword 'Capture Page Screenshot' could not be run on failure: NoSuchWindowException: Message: no such window: target window already closed
from unknown error: web view not found
  (Session info: chrome=76.0.3809.132)
  (Driver info: chromedriver=2.38.552522 (437e6fbedfa8762dec75e2c5b3ddb86763dc9dcb),platform=Windows NT 10.0.17763 x86_64)
</msg>
</errors>
</robot>
