<?xml version="1.0" encoding="UTF-8"?>
<robot generator="Robot 3.1.2 (Python 3.5.3 on win32)" generated="20190829 11:59:23.048" rpa="false">
<suite source="D:\abobo_project\robot_project\test" id="s1" name="Test">
<suite source="D:\abobo_project\robot_project\test\test01.robot" id="s1-s1" name="Test01">
<test id="s1-s1-t1" name="2">
<kw library="SeleniumLibrary" name="Open Browser">
<doc>Opens a new browser instance to the given ``url``.</doc>
<arguments>
<arg>https://stg.innisfree.cn/Main.do?ref=2</arg>
<arg>chrome</arg>
</arguments>
<msg level="INFO" timestamp="20190829 11:59:23.346">Opening browser 'chrome' to base url 'https://stg.innisfree.cn/Main.do?ref=2'.</msg>
<status status="PASS" starttime="20190829 11:59:23.346" endtime="20190829 11:59:29.610"></status>
</kw>
<kw library="SeleniumLibrary" name="Maximize Browser Window">
<doc>Maximizes current browser window.</doc>
<status status="PASS" starttime="20190829 11:59:29.610" endtime="20190829 11:59:30.763"></status>
</kw>
<kw library="SeleniumLibrary" name="Click Element">
<doc>Click element identified by ``locator``.</doc>
<arguments>
<arg>xpath=//*[@id="wrap"]/div[1]/div[3]/img</arg>
</arguments>
<msg level="INFO" timestamp="20190829 11:59:30.763">Clicking element 'xpath=//*[@id="wrap"]/div[1]/div[3]/img'.</msg>
<kw library="SeleniumLibrary" name="Capture Page Screenshot">
<doc>Takes screenshot of the current page and embeds it into log file.</doc>
<msg level="INFO" html="yes" timestamp="20190829 11:59:31.743">&lt;/td&gt;&lt;/tr&gt;&lt;tr&gt;&lt;td colspan="3"&gt;&lt;a href="selenium-screenshot-1.png"&gt;&lt;img src="selenium-screenshot-1.png" width="800px"&gt;&lt;/a&gt;</msg>
<status status="PASS" starttime="20190829 11:59:30.801" endtime="20190829 11:59:31.743"></status>
</kw>
<msg level="FAIL" timestamp="20190829 11:59:31.793">ElementNotVisibleException: Message: element not visible
  (Session info: chrome=76.0.3809.100)
  (Driver info: chromedriver=2.38.552522 (437e6fbedfa8762dec75e2c5b3ddb86763dc9dcb),platform=Windows NT 10.0.17763 x86_64)
</msg>
<status status="FAIL" starttime="20190829 11:59:30.763" endtime="20190829 11:59:31.793"></status>
</kw>
<status status="FAIL" starttime="20190829 11:59:23.345" endtime="20190829 11:59:31.794" critical="yes">ElementNotVisibleException: Message: element not visible
  (Session info: chrome=76.0.3809.100)
  (Driver info: chromedriver=2.38.552522 (437e6fbedfa8762dec75e2c5b3ddb86763dc9dcb),platform=Windows NT 10.0.17763 x86_64)
</status>
</test>
<status status="FAIL" starttime="20190829 11:59:23.100" endtime="20190829 11:59:31.795"></status>
</suite>
<status status="FAIL" starttime="20190829 11:59:23.079" endtime="20190829 11:59:31.796"></status>
</suite>
<statistics>
<total>
<stat pass="0" fail="1">Critical Tests</stat>
<stat pass="0" fail="1">All Tests</stat>
</total>
<tag>
</tag>
<suite>
<stat id="s1" pass="0" name="Test" fail="1">Test</stat>
<stat id="s1-s1" pass="0" name="Test01" fail="1">Test.Test01</stat>
</suite>
</statistics>
<errors>
<msg level="ERROR" timestamp="20190829 11:59:23.076">Taking listener 'D:\abobo_project\robot_project\venv\lib\site-packages\robotide\contrib\testrunner\TestRunnerAgent.py' into use failed: Importing listener 'D:\abobo_project\robot_project\venv\lib\site-packages\robotide\contrib\testrunner\TestRunnerAgent.py' failed: Creating instance failed: IndexError: tuple index out of range
Traceback (most recent call last):
  File "D:\abobo_project\robot_project\venv\lib\site-packages\robotide\contrib\testrunner\TestRunnerAgent.py", line 153, in __init__
    self.port = int(args[0])</msg>
</errors>
</robot>
